<?xml version="1.0" encoding="UTF-8"?>
<!-- Generated by org.testng.reporters.JUnitReportReporter -->
<testsuite skipped="0" hostname="DESKTOP-JINVOCL" name="test.LoginTest" tests="1" failures="0" timestamp="07 Jul 2021 20:11:37 GMT" time="5.829" errors="0">
  <testcase name="validUserShouldBeAbleToLogin" time="5.829" classname="test.LoginTest"/>
</testsuite> <!-- test.LoginTest -->
